This is pdfTeX, Version 3.14159265-2.6-1.40.16 (TeX Live 2015/Debian) (preloaded format=pdflatex 2017.8.23)  15 OCT 2017 19:30
entering extended mode
 restricted \write18 enabled.
 %&-line parsing enabled.
**gsiHUN.tex
(./gsiHUN.tex
LaTeX2e <2016/02/01>
Babel <3.9q> and hyphenation patterns for 81 language(s) loaded.
(/usr/share/texlive/texmf-dist/tex/latex/base/article.cls
Document Class: article 2014/09/29 v1.4h Standard LaTeX document class
(/usr/share/texlive/texmf-dist/tex/latex/base/size12.clo
File: size12.clo 2014/09/29 v1.4h Standard LaTeX file (size option)
)
\c@part=\count79
\c@section=\count80
\c@subsection=\count81
\c@subsubsection=\count82
\c@paragraph=\count83
\c@subparagraph=\count84
\c@figure=\count85
\c@table=\count86
\abovecaptionskip=\skip41
\belowcaptionskip=\skip42
\bibindent=\dimen102
)
(/usr/share/texlive/texmf-dist/tex/latex/graphics/graphicx.sty
Package: graphicx 2014/10/28 v1.0g Enhanced LaTeX Graphics (DPC,SPQR)

(/usr/share/texlive/texmf-dist/tex/latex/graphics/keyval.sty
Package: keyval 2014/10/28 v1.15 key=value parser (DPC)
\KV@toks@=\toks14
)
(/usr/share/texlive/texmf-dist/tex/latex/graphics/graphics.sty
Package: graphics 2016/01/03 v1.0q Standard LaTeX Graphics (DPC,SPQR)

(/usr/share/texlive/texmf-dist/tex/latex/graphics/trig.sty
Package: trig 2016/01/03 v1.10 sin cos tan (DPC)
)
(/usr/share/texlive/texmf-dist/tex/latex/latexconfig/graphics.cfg
File: graphics.cfg 2010/04/23 v1.9 graphics configuration of TeX Live
)
Package graphics Info: Driver file: pdftex.def on input line 95.

(/usr/share/texlive/texmf-dist/tex/latex/pdftex-def/pdftex.def
File: pdftex.def 2011/05/27 v0.06d Graphics/color for pdfTeX

(/usr/share/texlive/texmf-dist/tex/generic/oberdiek/infwarerr.sty
Package: infwarerr 2010/04/08 v1.3 Providing info/warning/error messages (HO)
)
(/usr/share/texlive/texmf-dist/tex/generic/oberdiek/ltxcmds.sty
Package: ltxcmds 2011/11/09 v1.22 LaTeX kernel commands for general use (HO)
)
\Gread@gobject=\count87
))
\Gin@req@height=\dimen103
\Gin@req@width=\dimen104
)
(/usr/share/texlive/texmf-dist/tex/generic/babel/babel.sty
Package: babel 2016/02/24 3.9q The Babel package

(/usr/share/texlive/texmf-dist/tex/generic/babel-hungarian/magyar.ldf
Language: hungarian 2015/11/24 v1.5c Magyar support from the babel v3.7 system

(/usr/share/texlive/texmf-dist/tex/generic/babel/babel.def
File: babel.def 2016/02/24 3.9q Babel common definitions
\babel@savecnt=\count88
\U@D=\dimen105
)
Package babel Info: Making ` an active character on input line 2735.
\c@footnote@add=\count89
\c@footnote@ch=\count90
))
(/usr/share/texlive/texmf-dist/tex/latex/base/fontenc.sty
Package: fontenc 2005/09/27 v1.99g Standard LaTeX package

(/usr/share/texlive/texmf-dist/tex/latex/base/t1enc.def
File: t1enc.def 2005/09/27 v1.99g Standard LaTeX file
LaTeX Font Info:    Redeclaring font encoding T1 on input line 48.
))
(/usr/share/texlive/texmf-dist/tex/latex/base/inputenc.sty
Package: inputenc 2015/03/17 v1.2c Input encoding file
\inpenc@prehook=\toks15
\inpenc@posthook=\toks16

(/usr/share/texlive/texmf-dist/tex/latex/base/utf8.def
File: utf8.def 2015/12/03 v1.1r UTF-8 support for inputenc
Now handling font encoding OML ...
... no UTF-8 mapping file for font encoding OML
Now handling font encoding T1 ...
... processing UTF-8 mapping file for font encoding T1

(/usr/share/texlive/texmf-dist/tex/latex/base/t1enc.dfu
File: t1enc.dfu 2015/12/03 v1.1r UTF-8 support for inputenc
   defining Unicode char U+00A0 (decimal 160)
   defining Unicode char U+00A1 (decimal 161)
   defining Unicode char U+00A3 (decimal 163)
   defining Unicode char U+00AB (decimal 171)
   defining Unicode char U+00AD (decimal 173)
   defining Unicode char U+00BB (decimal 187)
   defining Unicode char U+00BF (decimal 191)
   defining Unicode char U+00C0 (decimal 192)
   defining Unicode char U+00C1 (decimal 193)
   defining Unicode char U+00C2 (decimal 194)
   defining Unicode char U+00C3 (decimal 195)
   defining Unicode char U+00C4 (decimal 196)
   defining Unicode char U+00C5 (decimal 197)
   defining Unicode char U+00C6 (decimal 198)
   defining Unicode char U+00C7 (decimal 199)
   defining Unicode char U+00C8 (decimal 200)
   defining Unicode char U+00C9 (decimal 201)
   defining Unicode char U+00CA (decimal 202)
   defining Unicode char U+00CB (decimal 203)
   defining Unicode char U+00CC (decimal 204)
   defining Unicode char U+00CD (decimal 205)
   defining Unicode char U+00CE (decimal 206)
   defining Unicode char U+00CF (decimal 207)
   defining Unicode char U+00D0 (decimal 208)
   defining Unicode char U+00D1 (decimal 209)
   defining Unicode char U+00D2 (decimal 210)
   defining Unicode char U+00D3 (decimal 211)
   defining Unicode char U+00D4 (decimal 212)
   defining Unicode char U+00D5 (decimal 213)
   defining Unicode char U+00D6 (decimal 214)
   defining Unicode char U+00D8 (decimal 216)
   defining Unicode char U+00D9 (decimal 217)
   defining Unicode char U+00DA (decimal 218)
   defining Unicode char U+00DB (decimal 219)
   defining Unicode char U+00DC (decimal 220)
   defining Unicode char U+00DD (decimal 221)
   defining Unicode char U+00DE (decimal 222)
   defining Unicode char U+00DF (decimal 223)
   defining Unicode char U+00E0 (decimal 224)
   defining Unicode char U+00E1 (decimal 225)
   defining Unicode char U+00E2 (decimal 226)
   defining Unicode char U+00E3 (decimal 227)
   defining Unicode char U+00E4 (decimal 228)
   defining Unicode char U+00E5 (decimal 229)
   defining Unicode char U+00E6 (decimal 230)
   defining Unicode char U+00E7 (decimal 231)
   defining Unicode char U+00E8 (decimal 232)
   defining Unicode char U+00E9 (decimal 233)
   defining Unicode char U+00EA (decimal 234)
   defining Unicode char U+00EB (decimal 235)
   defining Unicode char U+00EC (decimal 236)
   defining Unicode char U+00ED (decimal 237)
   defining Unicode char U+00EE (decimal 238)
   defining Unicode char U+00EF (decimal 239)
   defining Unicode char U+00F0 (decimal 240)
   defining Unicode char U+00F1 (decimal 241)
   defining Unicode char U+00F2 (decimal 242)
   defining Unicode char U+00F3 (decimal 243)
   defining Unicode char U+00F4 (decimal 244)
   defining Unicode char U+00F5 (decimal 245)
   defining Unicode char U+00F6 (decimal 246)
   defining Unicode char U+00F8 (decimal 248)
   defining Unicode char U+00F9 (decimal 249)
   defining Unicode char U+00FA (decimal 250)
   defining Unicode char U+00FB (decimal 251)
   defining Unicode char U+00FC (decimal 252)
   defining Unicode char U+00FD (decimal 253)
   defining Unicode char U+00FE (decimal 254)
   defining Unicode char U+00FF (decimal 255)
   defining Unicode char U+0100 (decimal 256)
   defining Unicode char U+0101 (decimal 257)
   defining Unicode char U+0102 (decimal 258)
   defining Unicode char U+0103 (decimal 259)
   defining Unicode char U+0104 (decimal 260)
   defining Unicode char U+0105 (decimal 261)
   defining Unicode char U+0106 (decimal 262)
   defining Unicode char U+0107 (decimal 263)
   defining Unicode char U+0108 (decimal 264)
   defining Unicode char U+0109 (decimal 265)
   defining Unicode char U+010A (decimal 266)
   defining Unicode char U+010B (decimal 267)
   defining Unicode char U+010C (decimal 268)
   defining Unicode char U+010D (decimal 269)
   defining Unicode char U+010E (decimal 270)
   defining Unicode char U+010F (decimal 271)
   defining Unicode char U+0110 (decimal 272)
   defining Unicode char U+0111 (decimal 273)
   defining Unicode char U+0112 (decimal 274)
   defining Unicode char U+0113 (decimal 275)
   defining Unicode char U+0114 (decimal 276)
   defining Unicode char U+0115 (decimal 277)
   defining Unicode char U+0116 (decimal 278)
   defining Unicode char U+0117 (decimal 279)
   defining Unicode char U+0118 (decimal 280)
   defining Unicode char U+0119 (decimal 281)
   defining Unicode char U+011A (decimal 282)
   defining Unicode char U+011B (decimal 283)
   defining Unicode char U+011C (decimal 284)
   defining Unicode char U+011D (decimal 285)
   defining Unicode char U+011E (decimal 286)
   defining Unicode char U+011F (decimal 287)
   defining Unicode char U+0120 (decimal 288)
   defining Unicode char U+0121 (decimal 289)
   defining Unicode char U+0122 (decimal 290)
   defining Unicode char U+0123 (decimal 291)
   defining Unicode char U+0124 (decimal 292)
   defining Unicode char U+0125 (decimal 293)
   defining Unicode char U+0128 (decimal 296)
   defining Unicode char U+0129 (decimal 297)
   defining Unicode char U+012A (decimal 298)
   defining Unicode char U+012B (decimal 299)
   defining Unicode char U+012C (decimal 300)
   defining Unicode char U+012D (decimal 301)
   defining Unicode char U+012E (decimal 302)
   defining Unicode char U+012F (decimal 303)
   defining Unicode char U+0130 (decimal 304)
   defining Unicode char U+0131 (decimal 305)
   defining Unicode char U+0132 (decimal 306)
   defining Unicode char U+0133 (decimal 307)
   defining Unicode char U+0134 (decimal 308)
   defining Unicode char U+0135 (decimal 309)
   defining Unicode char U+0136 (decimal 310)
   defining Unicode char U+0137 (decimal 311)
   defining Unicode char U+0139 (decimal 313)
   defining Unicode char U+013A (decimal 314)
   defining Unicode char U+013B (decimal 315)
   defining Unicode char U+013C (decimal 316)
   defining Unicode char U+013D (decimal 317)
   defining Unicode char U+013E (decimal 318)
   defining Unicode char U+0141 (decimal 321)
   defining Unicode char U+0142 (decimal 322)
   defining Unicode char U+0143 (decimal 323)
   defining Unicode char U+0144 (decimal 324)
   defining Unicode char U+0145 (decimal 325)
   defining Unicode char U+0146 (decimal 326)
   defining Unicode char U+0147 (decimal 327)
   defining Unicode char U+0148 (decimal 328)
   defining Unicode char U+014A (decimal 330)
   defining Unicode char U+014B (decimal 331)
   defining Unicode char U+014C (decimal 332)
   defining Unicode char U+014D (decimal 333)
   defining Unicode char U+014E (decimal 334)
   defining Unicode char U+014F (decimal 335)
   defining Unicode char U+0150 (decimal 336)
   defining Unicode char U+0151 (decimal 337)
   defining Unicode char U+0152 (decimal 338)
   defining Unicode char U+0153 (decimal 339)
   defining Unicode char U+0154 (decimal 340)
   defining Unicode char U+0155 (decimal 341)
   defining Unicode char U+0156 (decimal 342)
   defining Unicode char U+0157 (decimal 343)
   defining Unicode char U+0158 (decimal 344)
   defining Unicode char U+0159 (decimal 345)
   defining Unicode char U+015A (decimal 346)
   defining Unicode char U+015B (decimal 347)
   defining Unicode char U+015C (decimal 348)
   defining Unicode char U+015D (decimal 349)
   defining Unicode char U+015E (decimal 350)
   defining Unicode char U+015F (decimal 351)
   defining Unicode char U+0160 (decimal 352)
   defining Unicode char U+0161 (decimal 353)
   defining Unicode char U+0162 (decimal 354)
   defining Unicode char U+0163 (decimal 355)
   defining Unicode char U+0164 (decimal 356)
   defining Unicode char U+0165 (decimal 357)
   defining Unicode char U+0168 (decimal 360)
   defining Unicode char U+0169 (decimal 361)
   defining Unicode char U+016A (decimal 362)
   defining Unicode char U+016B (decimal 363)
   defining Unicode char U+016C (decimal 364)
   defining Unicode char U+016D (decimal 365)
   defining Unicode char U+016E (decimal 366)
   defining Unicode char U+016F (decimal 367)
   defining Unicode char U+0170 (decimal 368)
   defining Unicode char U+0171 (decimal 369)
   defining Unicode char U+0172 (decimal 370)
   defining Unicode char U+0173 (decimal 371)
   defining Unicode char U+0174 (decimal 372)
   defining Unicode char U+0175 (decimal 373)
   defining Unicode char U+0176 (decimal 374)
   defining Unicode char U+0177 (decimal 375)
   defining Unicode char U+0178 (decimal 376)
   defining Unicode char U+0179 (decimal 377)
   defining Unicode char U+017A (decimal 378)
   defining Unicode char U+017B (decimal 379)
   defining Unicode char U+017C (decimal 380)
   defining Unicode char U+017D (decimal 381)
   defining Unicode char U+017E (decimal 382)
   defining Unicode char U+01CD (decimal 461)
   defining Unicode char U+01CE (decimal 462)
   defining Unicode char U+01CF (decimal 463)
   defining Unicode char U+01D0 (decimal 464)
   defining Unicode char U+01D1 (decimal 465)
   defining Unicode char U+01D2 (decimal 466)
   defining Unicode char U+01D3 (decimal 467)
   defining Unicode char U+01D4 (decimal 468)
   defining Unicode char U+01E2 (decimal 482)
   defining Unicode char U+01E3 (decimal 483)
   defining Unicode char U+01E6 (decimal 486)
   defining Unicode char U+01E7 (decimal 487)
   defining Unicode char U+01E8 (decimal 488)
   defining Unicode char U+01E9 (decimal 489)
   defining Unicode char U+01EA (decimal 490)
   defining Unicode char U+01EB (decimal 491)
   defining Unicode char U+01F0 (decimal 496)
   defining Unicode char U+01F4 (decimal 500)
   defining Unicode char U+01F5 (decimal 501)
   defining Unicode char U+0218 (decimal 536)
   defining Unicode char U+0219 (decimal 537)
   defining Unicode char U+021A (decimal 538)
   defining Unicode char U+021B (decimal 539)
   defining Unicode char U+01E02 (decimal 7682)
   defining Unicode char U+01E03 (decimal 7683)
   defining Unicode char U+200C (decimal 8204)
   defining Unicode char U+2013 (decimal 8211)
   defining Unicode char U+2014 (decimal 8212)
   defining Unicode char U+2018 (decimal 8216)
   defining Unicode char U+2019 (decimal 8217)
   defining Unicode char U+201A (decimal 8218)
   defining Unicode char U+201C (decimal 8220)
   defining Unicode char U+201D (decimal 8221)
   defining Unicode char U+201E (decimal 8222)
   defining Unicode char U+2030 (decimal 8240)
   defining Unicode char U+2031 (decimal 8241)
   defining Unicode char U+2039 (decimal 8249)
   defining Unicode char U+203A (decimal 8250)
   defining Unicode char U+2423 (decimal 9251)
)
Now handling font encoding OT1 ...
... processing UTF-8 mapping file for font encoding OT1

(/usr/share/texlive/texmf-dist/tex/latex/base/ot1enc.dfu
File: ot1enc.dfu 2015/12/03 v1.1r UTF-8 support for inputenc
   defining Unicode char U+00A0 (decimal 160)
   defining Unicode char U+00A1 (decimal 161)
   defining Unicode char U+00A3 (decimal 163)
   defining Unicode char U+00AD (decimal 173)
   defining Unicode char U+00B8 (decimal 184)
   defining Unicode char U+00BF (decimal 191)
   defining Unicode char U+00C5 (decimal 197)
   defining Unicode char U+00C6 (decimal 198)
   defining Unicode char U+00D8 (decimal 216)
   defining Unicode char U+00DF (decimal 223)
   defining Unicode char U+00E6 (decimal 230)
   defining Unicode char U+00EC (decimal 236)
   defining Unicode char U+00ED (decimal 237)
   defining Unicode char U+00EE (decimal 238)
   defining Unicode char U+00EF (decimal 239)
   defining Unicode char U+00F8 (decimal 248)
   defining Unicode char U+0131 (decimal 305)
   defining Unicode char U+0141 (decimal 321)
   defining Unicode char U+0142 (decimal 322)
   defining Unicode char U+0152 (decimal 338)
   defining Unicode char U+0153 (decimal 339)
   defining Unicode char U+0174 (decimal 372)
   defining Unicode char U+0175 (decimal 373)
   defining Unicode char U+0176 (decimal 374)
   defining Unicode char U+0177 (decimal 375)
   defining Unicode char U+0218 (decimal 536)
   defining Unicode char U+0219 (decimal 537)
   defining Unicode char U+021A (decimal 538)
   defining Unicode char U+021B (decimal 539)
   defining Unicode char U+2013 (decimal 8211)
   defining Unicode char U+2014 (decimal 8212)
   defining Unicode char U+2018 (decimal 8216)
   defining Unicode char U+2019 (decimal 8217)
   defining Unicode char U+201C (decimal 8220)
   defining Unicode char U+201D (decimal 8221)
)
Now handling font encoding OMS ...
... processing UTF-8 mapping file for font encoding OMS

(/usr/share/texlive/texmf-dist/tex/latex/base/omsenc.dfu
File: omsenc.dfu 2015/12/03 v1.1r UTF-8 support for inputenc
   defining Unicode char U+00A7 (decimal 167)
   defining Unicode char U+00B6 (decimal 182)
   defining Unicode char U+00B7 (decimal 183)
   defining Unicode char U+2020 (decimal 8224)
   defining Unicode char U+2021 (decimal 8225)
   defining Unicode char U+2022 (decimal 8226)
)
Now handling font encoding OMX ...
... no UTF-8 mapping file for font encoding OMX
Now handling font encoding U ...
... no UTF-8 mapping file for font encoding U
   defining Unicode char U+00A9 (decimal 169)
   defining Unicode char U+00AA (decimal 170)
   defining Unicode char U+00AE (decimal 174)
   defining Unicode char U+00BA (decimal 186)
   defining Unicode char U+02C6 (decimal 710)
   defining Unicode char U+02DC (decimal 732)
   defining Unicode char U+200C (decimal 8204)
   defining Unicode char U+2026 (decimal 8230)
   defining Unicode char U+2122 (decimal 8482)
   defining Unicode char U+2423 (decimal 9251)
))
(/usr/share/texlive/texmf-dist/tex/latex/multirow/multirow.sty
\bigstrutjot=\dimen106
)
(/usr/share/texlive/texmf-dist/tex/latex/amsmath/amsmath.sty
Package: amsmath 2016/03/03 v2.15a AMS math features
\@mathmargin=\skip43

For additional information on amsmath, use the `?' option.
(/usr/share/texlive/texmf-dist/tex/latex/amsmath/amstext.sty
Package: amstext 2000/06/29 v2.01 AMS text

(/usr/share/texlive/texmf-dist/tex/latex/amsmath/amsgen.sty
File: amsgen.sty 1999/11/30 v2.0 generic functions
\@emptytoks=\toks17
\ex@=\dimen107
))
(/usr/share/texlive/texmf-dist/tex/latex/amsmath/amsbsy.sty
Package: amsbsy 1999/11/29 v1.2d Bold Symbols
\pmbraise@=\dimen108
)
(/usr/share/texlive/texmf-dist/tex/latex/amsmath/amsopn.sty
Package: amsopn 1999/12/14 v2.01 operator names
)
\inf@bad=\count91
LaTeX Info: Redefining \frac on input line 199.
\uproot@=\count92
\leftroot@=\count93
LaTeX Info: Redefining \overline on input line 297.
\classnum@=\count94
\DOTSCASE@=\count95
LaTeX Info: Redefining \ldots on input line 394.
LaTeX Info: Redefining \dots on input line 397.
LaTeX Info: Redefining \cdots on input line 518.
\Mathstrutbox@=\box26
\strutbox@=\box27
\big@size=\dimen109
LaTeX Font Info:    Redeclaring font encoding OML on input line 630.
LaTeX Font Info:    Redeclaring font encoding OMS on input line 631.
\macc@depth=\count96
\c@MaxMatrixCols=\count97
\dotsspace@=\muskip10
\c@parentequation=\count98
\dspbrk@lvl=\count99
\tag@help=\toks18
\row@=\count100
\column@=\count101
\maxfields@=\count102
\andhelp@=\toks19
\eqnshift@=\dimen110
\alignsep@=\dimen111
\tagshift@=\dimen112
\tagwidth@=\dimen113
\totwidth@=\dimen114
\lineht@=\dimen115
\@envbody=\toks20
\multlinegap=\skip44
\multlinetaggap=\skip45
\mathdisplay@stack=\toks21
LaTeX Info: Redefining \[ on input line 2735.
LaTeX Info: Redefining \] on input line 2736.
)
(/usr/share/texlive/texmf-dist/tex/latex/float/float.sty
Package: float 2001/11/08 v1.3d Float enhancements (AL)
\c@float@type=\count103
\float@exts=\toks22
\float@box=\box28
\@float@everytoks=\toks23
\@floatcapt=\box29
)
(/usr/share/texlive/texmf-dist/tex/latex/tools/enumerate.sty
Package: enumerate 2015/07/23 v3.00 enumerate extensions (DPC)
\@enLab=\toks24
)
(/usr/share/texlive/texmf-dist/tex/latex/caption/caption.sty
Package: caption 2016/02/21 v3.3-144 Customizing captions (AR)

(/usr/share/texlive/texmf-dist/tex/latex/caption/caption3.sty
Package: caption3 2016/02/04 v1.7-139 caption3 kernel (AR)
Package caption3 Info: TeX engine: e-TeX on input line 67.
\captionmargin=\dimen116
\captionmargin@=\dimen117
\captionwidth=\dimen118
\caption@tempdima=\dimen119
\caption@indent=\dimen120
\caption@parindent=\dimen121
\caption@hangindent=\dimen122
)
\c@ContinuedFloat=\count104
Package caption Info: hungarian babel option is loaded.
Package caption Info: float package is loaded.
)
(/usr/share/texlive/texmf-dist/tex/latex/pdfpages/pdfpages.sty
Package: pdfpages 2015/09/18 v0.5d Insert pages of external PDF documents (AM)

(/usr/share/texlive/texmf-dist/tex/latex/base/ifthen.sty
Package: ifthen 2014/09/29 v1.1c Standard LaTeX ifthen package (DPC)
)
(/usr/share/texlive/texmf-dist/tex/latex/tools/calc.sty
Package: calc 2014/10/28 v4.3 Infix arithmetic (KKT,FJ)
\calc@Acount=\count105
\calc@Bcount=\count106
\calc@Adimen=\dimen123
\calc@Bdimen=\dimen124
\calc@Askip=\skip46
\calc@Bskip=\skip47
LaTeX Info: Redefining \setlength on input line 80.
LaTeX Info: Redefining \addtolength on input line 81.
\calc@Ccount=\count107
\calc@Cskip=\skip48
)
(/usr/share/texlive/texmf-dist/tex/latex/eso-pic/eso-pic.sty
Package: eso-pic 2015/07/21 v2.0g eso-pic (RN)

(/usr/share/texlive/texmf-dist/tex/generic/oberdiek/atbegshi.sty
Package: atbegshi 2011/10/05 v1.16 At begin shipout hook (HO)

(/usr/share/texlive/texmf-dist/tex/generic/oberdiek/ifpdf.sty
Package: ifpdf 2011/01/30 v2.3 Provides the ifpdf switch (HO)
Package ifpdf Info: pdfTeX in PDF mode is detected.
))
(/usr/share/texlive/texmf-dist/tex/latex/xcolor/xcolor.sty
Package: xcolor 2007/01/21 v2.11 LaTeX color extensions (UK)

(/usr/share/texlive/texmf-dist/tex/latex/latexconfig/color.cfg
File: color.cfg 2007/01/18 v1.5 color configuration of teTeX/TeXLive
)
Package xcolor Info: Driver file: pdftex.def on input line 225.
Package xcolor Info: Model `cmy' substituted by `cmy0' on input line 1337.
Package xcolor Info: Model `hsb' substituted by `rgb' on input line 1341.
Package xcolor Info: Model `RGB' extended on input line 1353.
Package xcolor Info: Model `HTML' substituted by `rgb' on input line 1355.
Package xcolor Info: Model `Hsb' substituted by `hsb' on input line 1356.
Package xcolor Info: Model `tHsb' substituted by `hsb' on input line 1357.
Package xcolor Info: Model `HSB' substituted by `hsb' on input line 1358.
Package xcolor Info: Model `Gray' substituted by `gray' on input line 1359.
Package xcolor Info: Model `wave' substituted by `hsb' on input line 1360.
))
\AM@pagewidth=\dimen125
\AM@pageheight=\dimen126

(/usr/share/texlive/texmf-dist/tex/latex/pdfpages/pppdftex.def
File: pppdftex.def 2015/09/18 v0.5d Pdfpages driver for pdfTeX (AM)
)
\AM@pagebox=\box30
\AM@toc@title=\toks25
\c@AM@survey=\count108
\AM@templatesizebox=\box31
)
(/usr/share/texlive/texmf-dist/tex/latex/setspace/setspace.sty
Package: setspace 2011/12/19 v6.7a set line spacing
)
(/usr/share/texlive/texmf-dist/tex/latex/caption/subcaption.sty
Package: subcaption 2016/02/20 v1.1-142 Sub-captions (AR)
\c@subfigure=\count109
\c@subtable=\count110
)
(/usr/share/texlive/texmf-dist/tex/latex/tools/indentfirst.sty
Package: indentfirst 1995/11/23 v1.03 Indent first paragraph (DPC)
)
(/usr/share/texlive/texmf-dist/tex/latex/tools/array.sty
Package: array 2014/10/28 v2.4c Tabular extension package (FMi)
\col@sep=\dimen127
\extrarowheight=\dimen128
\NC@list=\toks26
\extratabsurround=\skip49
\backup@length=\skip50
)
(/usr/share/texlive/texmf-dist/tex/latex/geometry/geometry.sty
Package: geometry 2010/09/12 v5.6 Page Geometry

(/usr/share/texlive/texmf-dist/tex/generic/oberdiek/ifvtex.sty
Package: ifvtex 2010/03/01 v1.5 Detect VTeX and its facilities (HO)
Package ifvtex Info: VTeX not detected.
)
(/usr/share/texlive/texmf-dist/tex/generic/ifxetex/ifxetex.sty
Package: ifxetex 2010/09/12 v0.6 Provides ifxetex conditional
)
\Gm@cnth=\count111
\Gm@cntv=\count112
\c@Gm@tempcnt=\count113
\Gm@bindingoffset=\dimen129
\Gm@wd@mp=\dimen130
\Gm@odd@mp=\dimen131
\Gm@even@mp=\dimen132
\Gm@layoutwidth=\dimen133
\Gm@layoutheight=\dimen134
\Gm@layouthoffset=\dimen135
\Gm@layoutvoffset=\dimen136
\Gm@dimlist=\toks27
)
(/usr/share/texlive/texmf-dist/tex/latex/url/url.sty
\Urlmuskip=\muskip11
Package: url 2013/09/16  ver 3.4  Verb mode for urls, etc.
)
(/usr/share/texlive/texmf-dist/tex/latex/listings/listings.sty
\lst@mode=\count114
\lst@gtempboxa=\box32
\lst@token=\toks28
\lst@length=\count115
\lst@currlwidth=\dimen137
\lst@column=\count116
\lst@pos=\count117
\lst@lostspace=\dimen138
\lst@width=\dimen139
\lst@newlines=\count118
\lst@lineno=\count119
\lst@maxwidth=\dimen140

(/usr/share/texlive/texmf-dist/tex/latex/listings/lstmisc.sty
File: lstmisc.sty 2015/06/04 1.6 (Carsten Heinz)
\c@lstnumber=\count120
\lst@skipnumbers=\count121
\lst@framebox=\box33
)
(/usr/share/texlive/texmf-dist/tex/latex/listings/listings.cfg
File: listings.cfg 2015/06/04 1.6 listings configuration
))
Package: listings 2015/06/04 1.6 (Carsten Heinz)
 (./gsiHUN.aux)
\openout1 = `gsiHUN.aux'.

LaTeX Font Info:    Checking defaults for OML/cmm/m/it on input line 48.
LaTeX Font Info:    ... okay on input line 48.
LaTeX Font Info:    Checking defaults for T1/cmr/m/n on input line 48.
LaTeX Font Info:    ... okay on input line 48.
LaTeX Font Info:    Checking defaults for OT1/cmr/m/n on input line 48.
LaTeX Font Info:    ... okay on input line 48.
LaTeX Font Info:    Checking defaults for OMS/cmsy/m/n on input line 48.
LaTeX Font Info:    ... okay on input line 48.
LaTeX Font Info:    Checking defaults for OMX/cmex/m/n on input line 48.
LaTeX Font Info:    ... okay on input line 48.
LaTeX Font Info:    Checking defaults for U/cmr/m/n on input line 48.
LaTeX Font Info:    ... okay on input line 48.
(/usr/share/texlive/texmf-dist/tex/context/base/supp-pdf.mkii
[Loading MPS to PDF converter (version 2006.09.02).]
\scratchcounter=\count122
\scratchdimen=\dimen141
\scratchbox=\box34
\nofMPsegments=\count123
\nofMParguments=\count124
\everyMPshowfont=\toks29
\MPscratchCnt=\count125
\MPscratchDim=\dimen142
\MPnumerator=\count126
\makeMPintoPDFobject=\count127
\everyMPtoPDFconversion=\toks30
) (/usr/share/texlive/texmf-dist/tex/generic/oberdiek/pdftexcmds.sty
Package: pdftexcmds 2011/11/29 v0.20 Utility functions of pdfTeX for LuaTeX (HO
)

(/usr/share/texlive/texmf-dist/tex/generic/oberdiek/ifluatex.sty
Package: ifluatex 2010/03/01 v1.3 Provides the ifluatex switch (HO)
Package ifluatex Info: LuaTeX not detected.
)
Package pdftexcmds Info: LuaTeX not detected.
Package pdftexcmds Info: \pdf@primitive is available.
Package pdftexcmds Info: \pdf@ifprimitive is available.
Package pdftexcmds Info: \pdfdraftmode found.
)
(/usr/share/texlive/texmf-dist/tex/latex/oberdiek/epstopdf-base.sty
Package: epstopdf-base 2010/02/09 v2.5 Base part for package epstopdf

(/usr/share/texlive/texmf-dist/tex/latex/oberdiek/grfext.sty
Package: grfext 2010/08/19 v1.1 Manage graphics extensions (HO)

(/usr/share/texlive/texmf-dist/tex/generic/oberdiek/kvdefinekeys.sty
Package: kvdefinekeys 2011/04/07 v1.3 Define keys (HO)
))
(/usr/share/texlive/texmf-dist/tex/latex/oberdiek/kvoptions.sty
Package: kvoptions 2011/06/30 v3.11 Key value format for package options (HO)

(/usr/share/texlive/texmf-dist/tex/generic/oberdiek/kvsetkeys.sty
Package: kvsetkeys 2012/04/25 v1.16 Key value parser (HO)

(/usr/share/texlive/texmf-dist/tex/generic/oberdiek/etexcmds.sty
Package: etexcmds 2011/02/16 v1.5 Avoid name clashes with e-TeX commands (HO)
Package etexcmds Info: Could not find \expanded.
(etexcmds)             That can mean that you are not using pdfTeX 1.50 or
(etexcmds)             that some package has redefined \expanded.
(etexcmds)             In the latter case, load this package earlier.
)))
Package grfext Info: Graphics extension search list:
(grfext)             [.png,.pdf,.jpg,.mps,.jpeg,.jbig2,.jb2,.PNG,.PDF,.JPG,.JPE
G,.JBIG2,.JB2,.eps]
(grfext)             \AppendGraphicsExtensions on input line 452.

(/usr/share/texlive/texmf-dist/tex/latex/latexconfig/epstopdf-sys.cfg
File: epstopdf-sys.cfg 2010/07/13 v1.3 Configuration of (r)epstopdf for TeX Liv
e
))
Package caption Info: Begin \AtBeginDocument code.
Package caption Info: listings package is loaded.
Package caption Info: End \AtBeginDocument code.
\AtBeginShipoutBox=\box35

(/usr/share/texlive/texmf-dist/tex/latex/oberdiek/pdflscape.sty
Package: pdflscape 2008/08/11 v0.10 Display of landscape pages in PDF (HO)

(/usr/share/texlive/texmf-dist/tex/latex/graphics/lscape.sty
Package: lscape 2000/10/22 v3.01 Landscape Pages (DPC)
)
Package pdflscape Info: Auto-detected driver: pdftex on input line 80.
)
*geometry* driver: auto-detecting
*geometry* detected driver: pdftex
*geometry* verbose mode - [ preamble ] result:
* driver: pdftex
* paper: a4paper
* layout: <same size as paper>
* layoutoffset:(h,v)=(0.0pt,0.0pt)
* modes: 
* h-part:(L,W,R)=(56.9055pt, 483.69687pt, 56.9055pt)
* v-part:(T,H,B)=(85.35826pt, 674.33032pt, 85.35826pt)
* \paperwidth=597.50787pt
* \paperheight=845.04684pt
* \textwidth=483.69687pt
* \textheight=674.33032pt
* \oddsidemargin=-15.36449pt
* \evensidemargin=-15.36449pt
* \topmargin=-23.91173pt
* \headheight=12.0pt
* \headsep=25.0pt
* \topskip=12.0pt
* \footskip=30.0pt
* \marginparwidth=35.0pt
* \marginparsep=10.0pt
* \columnsep=10.0pt
* \skip\footins=10.8pt plus 4.0pt minus 2.0pt
* \hoffset=0.0pt
* \voffset=0.0pt
* \mag=1000
* \@twocolumnfalse
* \@twosidefalse
* \@mparswitchfalse
* \@reversemarginfalse
* (1in=72.27pt=25.4mm, 1cm=28.453pt)

\c@lstlisting=\count128
(/usr/share/texlive/texmf-dist/tex/latex/base/article.cls
LaTeX Info: Redefining \cal on input line 511.
LaTeX Info: Redefining \mit on input line 512.
)
<gsiTitlePage.pdf, id=1, 597.50829pt x 845.0471pt>
File: gsiTitlePage.pdf Graphic file (type pdf)
 <use gsiTitlePage.pdf>
Package pdftex.def Info: gsiTitlePage.pdf used on input line 53.
(pdftex.def)             Requested size: 597.50682pt x 845.04504pt.
File: gsiTitlePage.pdf Graphic file (type pdf)

<use gsiTitlePage.pdf>
Package pdftex.def Info: gsiTitlePage.pdf used on input line 53.
(pdftex.def)             Requested size: 597.50682pt x 845.04504pt.

<gsiTitlePage.pdf, id=4, page=1, 597.50829pt x 845.0471pt>
File: gsiTitlePage.pdf Graphic file (type pdf)

<use gsiTitlePage.pdf, page 1>
Package pdftex.def Info: gsiTitlePage.pdf, page1 used on input line 53.
(pdftex.def)             Requested size: 597.50682pt x 845.04504pt.
File: gsiTitlePage.pdf Graphic file (type pdf)
 <use gsiTitlePage.pdf, page 1>
Package pdftex.def Info: gsiTitlePage.pdf, page1 used on input line 53.
(pdftex.def)             Requested size: 597.53416pt x 845.08372pt.
File: gsiTitlePage.pdf Graphic file (type pdf)

<use gsiTitlePage.pdf, page 1>
Package pdftex.def Info: gsiTitlePage.pdf, page1 used on input line 53.
(pdftex.def)             Requested size: 597.53416pt x 845.08372pt.
File: gsiTitlePage.pdf Graphic file (type pdf)
 <use gsiTitlePage.pdf, page 1>
Package pdftex.def Info: gsiTitlePage.pdf, page1 used on input line 53.
(pdftex.def)             Requested size: 597.53416pt x 845.08372pt.
File: gsiTitlePage.pdf Graphic file (type pdf)

<use gsiTitlePage.pdf, page 1>
Package pdftex.def Info: gsiTitlePage.pdf, page1 used on input line 53.
(pdftex.def)             Requested size: 597.53416pt x 845.08372pt.
 [1


 <./gsiTitlePage.pdf{/var/lib/texmf/fonts/map/pdftex/updmap/pdftex.map}>] (./gs
iHUN.toc
Overfull \hbox (1.95786pt too wide) detected at line 7
\T1/cmr/bx/n/12 III. 
 []


Overfull \hbox (1.3469pt too wide) detected at line 10
\T1/cmr/bx/n/12 IV. 
 []

)
\tf@toc=\write3
\openout3 = `gsiHUN.toc'.

 [2] <water_phase.jpg, id=54, 794.97pt x 614.295pt>
File: water_phase.jpg Graphic file (type jpg)
 <use water_phase.jpg>
Package pdftex.def Info: water_phase.jpg used on input line 95.
(pdftex.def)             Requested size: 367.60695pt x 284.06949pt.

[3] <cbm_phase1.png, id=60, 265.99374pt x 260.975pt>
File: cbm_phase1.png Graphic file (type png)
 <use cbm_phase1.png>
Package pdftex.def Info: cbm_phase1.png used on input line 106.
(pdftex.def)             Requested size: 218.05254pt x 213.94513pt.

<cbm_phase2.jpg, id=61, 351.3125pt x 269.005pt>
File: cbm_phase2.jpg Graphic file (type jpg)
 <use cbm_phase2.jpg>
Package pdftex.def Info: cbm_phase2.jpg used on input line 110.
(pdftex.def)             Requested size: 218.05254pt x 166.97018pt.
 [4 <./water_phase.jpg>] [5 <./cbm_phase1.png> <./cbm_phase2.jpg>]
<CBM_phase_trans.png, id=72, 563.10374pt x 364.36125pt>
File: CBM_phase_trans.png Graphic file (type png)

<use CBM_phase_trans.png>
Package pdftex.def Info: CBM_phase_trans.png used on input line 140.
(pdftex.def)             Requested size: 464.35223pt x 300.46274pt.
LaTeX Font Info:    Try loading font information for OMS+cmr on input line 146.


(/usr/share/texlive/texmf-dist/tex/latex/base/omscmr.fd
File: omscmr.fd 2014/09/29 v2.5h Standard LaTeX font definitions
)
LaTeX Font Info:    Font shape `OMS/cmr/m/n' in size <12> not available
(Font)              Font shape `OMS/cmsy/m/n' tried instead on input line 146.
 [6 <./CBM_phase_trans.png (PNG copy)>] <cbm_detector.png, id=77, 561.09625pt x
 365.365pt>
File: cbm_detector.png Graphic file (type png)

<use cbm_detector.png>
Package pdftex.def Info: cbm_detector.png used on input line 156.
(pdftex.def)             Requested size: 319.2417pt x 207.87553pt.
 [7 <./cbm_detector.png>]
<phi_KK_M.png, id=84, 640.3925pt x 455.7025pt>
File: phi_KK_M.png Graphic file (type png)
 <use phi_KK_M.png>
Package pdftex.def Info: phi_KK_M.png used on input line 198.
(pdftex.def)             Requested size: 225.16267pt x 160.2214pt.

<phi_KK_Mzoom.png, id=85, 694.595pt x 842.14626pt>
File: phi_KK_Mzoom.png Graphic file (type png)
 <use phi_KK_Mzoom.png>
Package pdftex.def Info: phi_KK_Mzoom.png used on input line 203.
(pdftex.def)             Requested size: 225.16267pt x 272.98753pt.

[8] <combiback_fit.png, id=92, 694.595pt x 842.14626pt>
File: combiback_fit.png Graphic file (type png)

<use combiback_fit.png>
Package pdftex.def Info: combiback_fit.png used on input line 224.
(pdftex.def)             Requested size: 169.29684pt x 205.25465pt.
 <phi_KK_Mfit.png, id=93, 640.3925pt x 455.7025pt>
File: phi_KK_Mfit.png Graphic file (type png)

<use phi_KK_Mfit.png>
Package pdftex.def Info: phi_KK_Mfit.png used on input line 233.
(pdftex.def)             Requested size: 225.16267pt x 160.2214pt.
 <phi_KK_Mfitzoom.png, id=94, 640.3925pt x 455.7025pt>
File: phi_KK_Mfitzoom.png Graphic file (type png)

<use phi_KK_Mfitzoom.png>
Package pdftex.def Info: phi_KK_Mfitzoom.png used on input line 238.
(pdftex.def)             Requested size: 225.16267pt x 160.2214pt.
 [9 <./phi_KK_M.png> <./phi_KK_Mzoom.png> <./combiback_fit.png>] (/usr/share/te
xlive/texmf-dist/tex/latex/listings/lstlang1.sty
File: lstlang1.sty 2015/06/04 1.6 listings language file
)
(/usr/share/texlive/texmf-dist/tex/latex/listings/lstlang1.sty
File: lstlang1.sty 2015/06/04 1.6 listings language file
)
(/usr/share/texlive/texmf-dist/tex/latex/listings/lstmisc.sty
File: lstmisc.sty 2015/06/04 1.6 (Carsten Heinz)
) (./fit.C
LaTeX Font Info:    Font shape `OMS/cmr/m/n' in size <10> not available
(Font)              Font shape `OMS/cmsy/m/n' tried instead on input line 3.

[10 <./phi_KK_Mfit.png> <./phi_KK_Mfitzoom.png>])
<efficieny.png, id=102, 694.595pt x 842.14626pt>
File: efficieny.png Graphic file (type png)
 <use efficieny.png>
Package pdftex.def Info: efficieny.png used on input line 256.
(pdftex.def)             Requested size: 314.40001pt x 381.19824pt.
 [11]
LaTeX Font Info:    Try loading font information for T1+cmtt on input line 265.


(/usr/share/texlive/texmf-dist/tex/latex/base/t1cmtt.fd
File: t1cmtt.fd 2014/09/29 v2.5h Standard LaTeX font definitions
)
Underfull \hbox (badness 10000) in paragraph at lines 263--266

 []

[12 <./efficieny.png>] <particle_file.png, id=110, 424.58624pt x 753.81625pt>
File: particle_file.png Graphic file (type png)

<use particle_file.png>
Package pdftex.def Info: particle_file.png used on input line 302.
(pdftex.def)             Requested size: 203.1518pt x 360.67746pt.
 [13] <reco2.png, id=115, 1445.4pt x 813.0375pt>
File: reco2.png Graphic file (type png)

<use reco2.png>
Package pdftex.def Info: reco2.png used on input line 311.
(pdftex.def)             Requested size: 225.16267pt x 126.6522pt.
 <reco1.png, id=116, 1445.4pt x 813.0375pt>
File: reco1.png Graphic file (type png)
 <use reco1.png>
Package pdftex.def Info: reco1.png used on input line 316.
(pdftex.def)             Requested size: 225.16267pt x 126.6522pt.

[14 <./particle_file.png> <./reco2.png> <./reco1.png>]
<input.png, id=121, 279.0425pt x 287.0725pt>
File: input.png Graphic file (type png)
 <use input.png>
Package pdftex.def Info: input.png used on input line 332.
(pdftex.def)             Requested size: 241.84843pt x 248.81364pt.

<k-k+decayofphi.png, id=122, 1800.7275pt x 521.95pt>
File: k-k+decayofphi.png Graphic file (type png)
 <use k-k+decayofphi.png>
Package pdftex.def Info: k-k+decayofphi.png used on input line 354.
(pdftex.def)             Requested size: 411.14528pt x 119.16989pt.

[15 <./input.png>] [16 <./k-k+decayofphi.png>]
<phiKK_2500phi.png, id=131, 1662.21pt x 848.16875pt>
File: phiKK_2500phi.png Graphic file (type png)
 <use phiKK_2500phi.png>
Package pdftex.def Info: phiKK_2500phi.png used on input line 429.
(pdftex.def)             Requested size: 241.84843pt x 123.40193pt.

<reconstructed_eff_phi2500.png, id=132, 1662.21pt x 848.16875pt>
File: reconstructed_eff_phi2500.png Graphic file (type png)

<use reconstructed_eff_phi2500.png>
Package pdftex.def Info: reconstructed_eff_phi2500.png used on input line 438.
(pdftex.def)             Requested size: 241.84843pt x 123.40193pt.
 [17 <./phiKK_2500phi.png>]
<kshort_phi2500.png, id=136, 1662.21pt x 848.16875pt>
File: kshort_phi2500.png Graphic file (type png)
 <use kshort_phi2500.png>
Package pdftex.def Info: kshort_phi2500.png used on input line 446.
(pdftex.def)             Requested size: 225.16267pt x 114.8861pt.

<k-_phi2500.png, id=137, 1662.21pt x 848.16875pt>
File: k-_phi2500.png Graphic file (type png)
 <use k-_phi2500.png>
Package pdftex.def Info: k-_phi2500.png used on input line 451.
(pdftex.def)             Requested size: 225.16267pt x 114.8861pt.
 [18 <./reconstructed_eff_phi2500.png> <./kshort_phi2500.png> <./k-_phi2500.png
>]
(./main.cpp [19] [20] [21] [22] [23])
<dist-mean.png, id=159, 481.8pt x 361.35pt>
File: dist-mean.png Graphic file (type png)
 <use dist-mean.png>
Package pdftex.def Info: dist-mean.png used on input line 517.
(pdftex.def)             Requested size: 338.58632pt x 253.94678pt.
 [24]
<momdist-mean.png, id=163, 481.8pt x 361.35pt>
File: momdist-mean.png Graphic file (type png)
 <use momdist-mean.png>
Package pdftex.def Info: momdist-mean.png used on input line 523.
(pdftex.def)             Requested size: 338.58632pt x 253.94678pt.
 [25 <./dist-mean.png> <./momdist-mean.png>]
<ShiftInDistro80.png, id=170, 752.8125pt x 602.25pt>
File: ShiftInDistro80.png Graphic file (type png)
 <use ShiftInDistro80.png>
Package pdftex.def Info: ShiftInDistro80.png used on input line 537.
(pdftex.def)             Requested size: 208.95708pt x 167.1677pt.

<ShiftInDistro100.png, id=171, 752.8125pt x 602.25pt>
File: ShiftInDistro100.png Graphic file (type png)

<use ShiftInDistro100.png>
Package pdftex.def Info: ShiftInDistro100.png used on input line 541.
(pdftex.def)             Requested size: 208.95708pt x 167.1677pt.

<ShiftInDistro120.png, id=172, 752.8125pt x 602.25pt>
File: ShiftInDistro120.png Graphic file (type png)

<use ShiftInDistro120.png>
Package pdftex.def Info: ShiftInDistro120.png used on input line 547.
(pdftex.def)             Requested size: 314.40001pt x 251.52808pt.
 [26 <./ShiftInDistro80.png> <./ShiftInDistro100.png> <./ShiftInDistro120.png>]
 <mean-max8_80.png, id=179, 752.8125pt x 602.25pt>
File: mean-max8_80.png Graphic file (type png)

<use mean-max8_80.png>
Package pdftex.def Info: mean-max8_80.png used on input line 562.
(pdftex.def)             Requested size: 218.05254pt x 174.43666pt.

<distribution_zoomed_8_80.png, id=180, 752.8125pt x 752.8125pt>
File: distribution_zoomed_8_80.png Graphic file (type png)

<use distribution_zoomed_8_80.png>
Package pdftex.def Info: distribution_zoomed_8_80.png used on input line 566.
(pdftex.def)             Requested size: 218.05254pt x 218.04582pt.

<mean-max12_80.png, id=181, 752.8125pt x 602.25pt>
File: mean-max12_80.png Graphic file (type png)
 <use mean-max12_80.png>
Package pdftex.def Info: mean-max12_80.png used on input line 573.
(pdftex.def)             Requested size: 218.05254pt x 174.43666pt.

<distribution_zoomed_12_80.png, id=182, 752.8125pt x 752.8125pt>
File: distribution_zoomed_12_80.png Graphic file (type png)

<use distribution_zoomed_12_80.png>
Package pdftex.def Info: distribution_zoomed_12_80.png used on input line 577.
(pdftex.def)             Requested size: 218.05254pt x 218.04582pt.
 [27 <./mean-max8_80.png> <./distribution_zoomed_8_80.png>] <mean-max9_100.png,
 id=188, 752.8125pt x 602.25pt>
File: mean-max9_100.png Graphic file (type png)

<use mean-max9_100.png>
Package pdftex.def Info: mean-max9_100.png used on input line 586.
(pdftex.def)             Requested size: 218.05254pt x 174.43666pt.

<distribution_zoomed_9_100.png, id=189, 752.8125pt x 752.8125pt>
File: distribution_zoomed_9_100.png Graphic file (type png)

<use distribution_zoomed_9_100.png>
Package pdftex.def Info: distribution_zoomed_9_100.png used on input line 590.
(pdftex.def)             Requested size: 218.05254pt x 218.04582pt.

<mean-max13_100.png, id=190, 752.8125pt x 602.25pt>
File: mean-max13_100.png Graphic file (type png)
 <use mean-max13_100.png>
Package pdftex.def Info: mean-max13_100.png used on input line 597.
(pdftex.def)             Requested size: 218.05254pt x 174.43666pt.

<distribution_zoomed_13_100.png, id=191, 752.8125pt x 752.8125pt>
File: distribution_zoomed_13_100.png Graphic file (type png)

<use distribution_zoomed_13_100.png>
Package pdftex.def Info: distribution_zoomed_13_100.png used on input line 601.

(pdftex.def)             Requested size: 218.05254pt x 218.04582pt.

<mean-max16_100.png, id=192, 752.8125pt x 602.25pt>
File: mean-max16_100.png Graphic file (type png)
 <use mean-max16_100.png>
Package pdftex.def Info: mean-max16_100.png used on input line 608.
(pdftex.def)             Requested size: 218.05254pt x 174.43666pt.

<distribution_zoomed_16_100.png, id=193, 752.8125pt x 752.8125pt>
File: distribution_zoomed_16_100.png Graphic file (type png)

<use distribution_zoomed_16_100.png>
Package pdftex.def Info: distribution_zoomed_16_100.png used on input line 612.

(pdftex.def)             Requested size: 218.05254pt x 218.04582pt.
 [28 <./mean-max12_80.png> <./distribution_zoomed_12_80.png> <./mean-max9_100.p
ng> <./distribution_zoomed_9_100.png>]
<mean-max10_120.png, id=201, 752.8125pt x 602.25pt>
File: mean-max10_120.png Graphic file (type png)
 <use mean-max10_120.png>
Package pdftex.def Info: mean-max10_120.png used on input line 622.
(pdftex.def)             Requested size: 218.05254pt x 174.43666pt.

<distribution_zoomed_10_120.png, id=202, 752.8125pt x 752.8125pt>
File: distribution_zoomed_10_120.png Graphic file (type png)

<use distribution_zoomed_10_120.png>
Package pdftex.def Info: distribution_zoomed_10_120.png used on input line 626.

(pdftex.def)             Requested size: 218.05254pt x 218.04582pt.

<mean-max14_120.png, id=203, 752.8125pt x 602.25pt>
File: mean-max14_120.png Graphic file (type png)
 <use mean-max14_120.png>
Package pdftex.def Info: mean-max14_120.png used on input line 633.
(pdftex.def)             Requested size: 218.05254pt x 174.43666pt.

<distribution_zoomed_14_120.png, id=204, 752.8125pt x 752.8125pt>
File: distribution_zoomed_14_120.png Graphic file (type png)

<use distribution_zoomed_14_120.png>
Package pdftex.def Info: distribution_zoomed_14_120.png used on input line 637.

(pdftex.def)             Requested size: 218.05254pt x 218.04582pt.
 [29 <./mean-max13_100.png> <./distribution_zoomed_13_100.png> <./mean-max16_10
0.png> <./distribution_zoomed_16_100.png>]
<mean-max18_120.png, id=212, 752.8125pt x 602.25pt>
File: mean-max18_120.png Graphic file (type png)
 <use mean-max18_120.png>
Package pdftex.def Info: mean-max18_120.png used on input line 644.
(pdftex.def)             Requested size: 218.05254pt x 174.43666pt.

<distribution_zoomed_18_120.png, id=213, 752.8125pt x 752.8125pt>
File: distribution_zoomed_18_120.png Graphic file (type png)

<use distribution_zoomed_18_120.png>
Package pdftex.def Info: distribution_zoomed_18_120.png used on input line 648.

(pdftex.def)             Requested size: 218.05254pt x 218.04582pt.
 [30 <./mean-max10_120.png> <./distribution_zoomed_10_120.png> <./mean-max14_12
0.png> <./distribution_zoomed_14_120.png>]
Underfull \hbox (badness 10000) in paragraph at lines 669--671
\T1/cmtt/m/n/12 The CBM Physics Book - Compressed Baryonic Matter in Laboratory
 Experiments
 []

[31 <./mean-max18_120.png> <./distribution_zoomed_18_120.png>]
Underfull \hbox (badness 10000) in paragraph at lines 677--679
\OT1/cmr/m/n/12 ^^H$\T1/cmtt/m/n/12 -meson production in Au+Au collisions and i
ts feasibility in the CBM
 []

[32] (./gsiHUN.aux) ) 
Here is how much of TeX's memory you used:
 9484 strings out of 493029
 138341 string characters out of 6136234
 426998 words of memory out of 5000000
 12807 multiletter control sequences out of 15000+600000
 23247 words of font info for 57 fonts, out of 8000000 for 9000
 1141 hyphenation exceptions out of 8191
 38i,18n,61p,311b,1768s stack positions out of 5000i,500n,10000p,200000b,80000s
{/usr/share/texmf/fonts/enc/dvips/cm-super/cm-super-t1.enc
}</usr/share/texlive/texmf-dist/fonts/type1/public/amsfonts/cm/cmex10.pfb></usr
/share/texlive/texmf-dist/fonts/type1/public/amsfonts/cm/cmmi10.pfb></usr/share
/texlive/texmf-dist/fonts/type1/public/amsfonts/cm/cmmi12.pfb></usr/share/texli
ve/texmf-dist/fonts/type1/public/amsfonts/cm/cmmi8.pfb></usr/share/texlive/texm
f-dist/fonts/type1/public/amsfonts/cm/cmr12.pfb></usr/share/texlive/texmf-dist/
fonts/type1/public/amsfonts/cm/cmr17.pfb></usr/share/texlive/texmf-dist/fonts/t
ype1/public/amsfonts/cm/cmr8.pfb></usr/share/texlive/texmf-dist/fonts/type1/pub
lic/amsfonts/cm/cmsy10.pfb></usr/share/texlive/texmf-dist/fonts/type1/public/am
sfonts/cm/cmsy8.pfb></usr/share/texmf/fonts/type1/public/cm-super/sfbx1095.pfb>
</usr/share/texmf/fonts/type1/public/cm-super/sfbx1200.pfb></usr/share/texmf/fo
nts/type1/public/cm-super/sfbx1440.pfb></usr/share/texmf/fonts/type1/public/cm-
super/sfbx1728.pfb></usr/share/texmf/fonts/type1/public/cm-super/sfbx2488.pfb><
/usr/share/texmf/fonts/type1/public/cm-super/sfcc1728.pfb></usr/share/texmf/fon
ts/type1/public/cm-super/sfcc2074.pfb></usr/share/texmf/fonts/type1/public/cm-s
uper/sfrm0600.pfb></usr/share/texmf/fonts/type1/public/cm-super/sfrm0700.pfb></
usr/share/texmf/fonts/type1/public/cm-super/sfrm0800.pfb></usr/share/texmf/font
s/type1/public/cm-super/sfrm1000.pfb></usr/share/texmf/fonts/type1/public/cm-su
per/sfrm1095.pfb></usr/share/texmf/fonts/type1/public/cm-super/sfrm1200.pfb></u
sr/share/texmf/fonts/type1/public/cm-super/sfrm1440.pfb></usr/share/texmf/fonts
/type1/public/cm-super/sfsl1200.pfb></usr/share/texmf/fonts/type1/public/cm-sup
er/sfti1728.pfb></usr/share/texmf/fonts/type1/public/cm-super/sftt1000.pfb></us
r/share/texmf/fonts/type1/public/cm-super/sftt1200.pfb>
Output written on gsiHUN.pdf (32 pages, 2869843 bytes).
PDF statistics:
 306 PDF objects out of 1000 (max. 8388607)
 167 compressed objects within 2 object streams
 0 named destinations out of 1000 (max. 500000)
 226 words of extra memory for PDF output out of 10000 (max. 10000000)

